[   316.873] (--) Log file renamed from "/home/kawalpreet/.local/share/xorg/Xorg.pid-1424.log" to "/home/kawalpreet/.local/share/xorg/Xorg.0.log"
[   316.873] 
X.Org X Server 1.20.8
X Protocol Version 11, Revision 0
[   316.873] Build Operating System: Linux 4.4.0-184-generic x86_64 Ubuntu
[   316.874] Current Operating System: Linux kawalpreet-VirtualBox 5.4.0-42-generic #46-Ubuntu SMP Fri Jul 10 00:24:02 UTC 2020 x86_64
[   316.874] Kernel command line: BOOT_IMAGE=/boot/vmlinuz-5.4.0-42-generic root=UUID=05abdaae-c1e6-4e4f-83d8-daf8b91e8bbb ro quiet splash
[   316.874] Build Date: 24 June 2020  06:00:21AM
[   316.874] xorg-server 2:1.20.8-2ubuntu2.2 (For technical support please see http://www.ubuntu.com/support) 
[   316.874] Current version of pixman: 0.38.4
[   316.874] 	Before reporting problems, check http://wiki.x.org
	to make sure that you have the latest version.
[   316.874] Markers: (--) probed, (**) from config file, (==) default setting,
	(++) from command line, (!!) notice, (II) informational,
	(WW) warning, (EE) error, (NI) not implemented, (??) unknown.
[   316.874] (==) Log file: "/home/kawalpreet/.local/share/xorg/Xorg.0.log", Time: Sat Aug 15 15:43:17 2020
[   316.907] (==) Using system config directory "/usr/share/X11/xorg.conf.d"
[   316.931] (==) No Layout section.  Using the first Screen section.
[   316.931] (==) No screen section available. Using defaults.
[   316.931] (**) |-->Screen "Default Screen Section" (0)
[   316.931] (**) |   |-->Monitor "<default monitor>"
[   316.932] (==) No monitor specified for screen "Default Screen Section".
	Using a default monitor configuration.
[   316.932] (==) Automatically adding devices
[   316.932] (==) Automatically enabling devices
[   316.932] (==) Automatically adding GPU devices
[   316.932] (==) Automatically binding GPU devices
[   316.932] (==) Max clients allowed: 256, resource mask: 0x1fffff
[   316.932] (WW) The directory "/usr/share/fonts/X11/cyrillic" does not exist.
[   316.932] 	Entry deleted from font path.
[   316.932] (WW) The directory "/usr/share/fonts/X11/100dpi/" does not exist.
[   316.932] 	Entry deleted from font path.
[   316.932] (WW) The directory "/usr/share/fonts/X11/75dpi/" does not exist.
[   316.932] 	Entry deleted from font path.
[   316.932] (WW) The directory "/usr/share/fonts/X11/100dpi" does not exist.
[   316.932] 	Entry deleted from font path.
[   316.932] (WW) The directory "/usr/share/fonts/X11/75dpi" does not exist.
[   316.932] 	Entry deleted from font path.
[   316.932] (==) FontPath set to:
	/usr/share/fonts/X11/misc,
	/usr/share/fonts/X11/Type1,
	built-ins
[   316.932] (==) ModulePath set to "/usr/lib/xorg/modules"
[   316.932] (II) The server relies on udev to provide the list of input devices.
	If no devices become available, reconfigure udev or disable AutoAddDevices.
[   316.932] (II) Loader magic: 0x55894219a020
[   316.932] (II) Module ABI versions:
[   316.932] 	X.Org ANSI C Emulation: 0.4
[   316.932] 	X.Org Video Driver: 24.1
[   316.932] 	X.Org XInput driver : 24.1
[   316.932] 	X.Org Server Extension : 10.0
[   316.936] (++) using VT number 2

[   316.938] (II) systemd-logind: took control of session /org/freedesktop/login1/session/_32
[   316.940] (II) xfree86: Adding drm device (/dev/dri/card0)
[   316.944] (II) systemd-logind: got fd for /dev/dri/card0 226:0 fd 12 paused 0
[   316.962] (--) PCI:*(0@0:2:0) 15ad:0405:15ad:0405 rev 0, Mem @ 0xf0000000/134217728, 0xf8000000/2097152, I/O @ 0x0000d010/16, BIOS @ 0x????????/131072
[   316.971] (II) LoadModule: "glx"
[   316.989] (II) Loading /usr/lib/xorg/modules/extensions/libglx.so
[   317.004] (II) Module glx: vendor="X.Org Foundation"
[   317.004] 	compiled for 1.20.8, module version = 1.0.0
[   317.004] 	ABI class: X.Org Server Extension, version 10.0
[   317.004] (==) Matched vmware as autoconfigured driver 0
[   317.004] (==) Matched modesetting as autoconfigured driver 1
[   317.004] (==) Matched fbdev as autoconfigured driver 2
[   317.004] (==) Matched vesa as autoconfigured driver 3
[   317.004] (==) Assigned the driver to the xf86ConfigLayout
[   317.004] (II) LoadModule: "vmware"
[   317.005] (II) Loading /usr/lib/xorg/modules/drivers/vmware_drv.so
[   317.251] (II) Module vmware: vendor="X.Org Foundation"
[   317.251] 	compiled for 1.20.8, module version = 13.3.0
[   317.251] 	Module class: X.Org Video Driver
[   317.251] 	ABI class: X.Org Video Driver, version 24.1
[   317.251] (II) LoadModule: "modesetting"
[   317.251] (II) Loading /usr/lib/xorg/modules/drivers/modesetting_drv.so
[   317.315] (II) Module modesetting: vendor="X.Org Foundation"
[   317.315] 	compiled for 1.20.8, module version = 1.20.8
[   317.315] 	Module class: X.Org Video Driver
[   317.315] 	ABI class: X.Org Video Driver, version 24.1
[   317.315] (II) LoadModule: "fbdev"
[   317.315] (II) Loading /usr/lib/xorg/modules/drivers/fbdev_drv.so
[   317.327] (II) Module fbdev: vendor="X.Org Foundation"
[   317.327] 	compiled for 1.20.1, module version = 0.5.0
[   317.327] 	Module class: X.Org Video Driver
[   317.327] 	ABI class: X.Org Video Driver, version 24.0
[   317.327] (II) LoadModule: "vesa"
[   317.328] (II) Loading /usr/lib/xorg/modules/drivers/vesa_drv.so
[   317.331] (II) Module vesa: vendor="X.Org Foundation"
[   317.331] 	compiled for 1.20.4, module version = 2.4.0
[   317.331] 	Module class: X.Org Video Driver
[   317.331] 	ABI class: X.Org Video Driver, version 24.0
[   317.331] (II) vmware: driver for VMware SVGA: vmware0405, vmware0710
[   317.331] (II) modesetting: Driver for Modesetting Kernel Drivers: kms
[   317.331] (II) FBDEV: driver for framebuffer: fbdev
[   317.331] (II) VESA: driver for VESA chipsets: vesa
[   317.331] xf86EnableIOPorts: failed to set IOPL for I/O (Operation not permitted)
[   317.331] (WW) Falling back to old probe method for modesetting
[   317.331] (WW) Falling back to old probe method for fbdev
[   317.331] (II) Loading sub module "fbdevhw"
[   317.331] (II) LoadModule: "fbdevhw"
[   317.331] (II) Loading /usr/lib/xorg/modules/libfbdevhw.so
[   317.339] (II) Module fbdevhw: vendor="X.Org Foundation"
[   317.339] 	compiled for 1.20.8, module version = 0.0.2
[   317.339] 	ABI class: X.Org Video Driver, version 24.1
[   317.339] (EE) open /dev/fb0: Permission denied
[   317.339] (WW) VGA arbiter: cannot open kernel arbiter, no multi-card support
[   317.339] (II) vmware(0): Creating default Display subsection in Screen section
	"Default Screen Section" for depth/fbbpp 24/32
[   317.339] (--) vmware(0): DRM driver version is 2.15.0
[   317.339] (==) vmware(0): Depth 24, (--) framebuffer bpp 32
[   317.339] (==) vmware(0): RGB weight 888
[   317.340] (==) vmware(0): Default visual is TrueColor
[   317.340] (--) vmware(0): Min width 1, Max Width 8192.
[   317.340] (--) vmware(0): Min height 1, Max Height 8192.
[   317.340] (II) vmware(0): Output Virtual1 has no monitor section
[   317.340] (II) vmware(0): Output Virtual2 has no monitor section
[   317.340] (II) vmware(0): Output Virtual3 has no monitor section
[   317.340] (II) vmware(0): Output Virtual4 has no monitor section
[   317.340] (II) vmware(0): Output Virtual5 has no monitor section
[   317.340] (II) vmware(0): Output Virtual6 has no monitor section
[   317.340] (II) vmware(0): Output Virtual7 has no monitor section
[   317.340] (II) vmware(0): Output Virtual8 has no monitor section
[   317.340] (II) vmware(0): Printing probed modes for output Virtual1
[   317.340] (II) vmware(0): Modeline "800x600"x60.0   42.75  800 850 900 950  600 650 700 750 -hsync +vsync (45.0 kHz eP)
[   317.340] (II) vmware(0): Modeline "2560x1600"x60.0  348.50  2560 2752 3032 3504  1600 1603 1609 1658 -hsync +vsync (99.5 kHz e)
[   317.340] (II) vmware(0): Modeline "1920x1440"x60.0  234.00  1920 2048 2256 2600  1440 1441 1444 1500 -hsync +vsync (90.0 kHz e)
[   317.342] (II) vmware(0): Modeline "1856x1392"x60.0  218.25  1856 1952 2176 2528  1392 1393 1396 1439 -hsync +vsync (86.3 kHz e)
[   317.342] (II) vmware(0): Modeline "1792x1344"x60.0  204.75  1792 1920 2120 2448  1344 1345 1348 1394 -hsync +vsync (83.6 kHz e)
[   317.342] (II) vmware(0): Modeline "1920x1200"x59.9  193.25  1920 2056 2256 2592  1200 1203 1209 1245 -hsync +vsync (74.6 kHz e)
[   317.342] (II) vmware(0): Modeline "1600x1200"x60.0  162.00  1600 1664 1856 2160  1200 1201 1204 1250 +hsync +vsync (75.0 kHz e)
[   317.342] (II) vmware(0): Modeline "1680x1050"x60.0  146.25  1680 1784 1960 2240  1050 1053 1059 1089 -hsync +vsync (65.3 kHz e)
[   317.342] (II) vmware(0): Modeline "1400x1050"x60.0  121.75  1400 1488 1632 1864  1050 1053 1057 1089 -hsync +vsync (65.3 kHz e)
[   317.342] (II) vmware(0): Modeline "1280x1024"x60.0  108.00  1280 1328 1440 1688  1024 1025 1028 1066 +hsync +vsync (64.0 kHz e)
[   317.342] (II) vmware(0): Modeline "1440x900"x59.9  106.50  1440 1520 1672 1904  900 903 909 934 -hsync +vsync (55.9 kHz e)
[   317.342] (II) vmware(0): Modeline "1280x960"x60.0  108.00  1280 1376 1488 1800  960 961 964 1000 +hsync +vsync (60.0 kHz e)
[   317.342] (II) vmware(0): Modeline "1360x768"x60.0   85.50  1360 1424 1536 1792  768 771 777 795 +hsync +vsync (47.7 kHz e)
[   317.342] (II) vmware(0): Modeline "1280x800"x59.8   83.50  1280 1352 1480 1680  800 803 809 831 +hsync -vsync (49.7 kHz e)
[   317.342] (II) vmware(0): Modeline "1152x864"x75.0  108.00  1152 1216 1344 1600  864 865 868 900 +hsync +vsync (67.5 kHz e)
[   317.342] (II) vmware(0): Modeline "1280x768"x59.9   79.50  1280 1344 1472 1664  768 771 778 798 -hsync +vsync (47.8 kHz e)
[   317.342] (II) vmware(0): Modeline "1024x768"x60.0   65.00  1024 1048 1184 1344  768 771 777 806 -hsync -vsync (48.4 kHz e)
[   317.342] (II) vmware(0): Modeline "800x600"x60.3   40.00  800 840 968 1056  600 601 605 628 +hsync +vsync (37.9 kHz e)
[   317.342] (II) vmware(0): Modeline "640x480"x59.9   25.18  640 656 752 800  480 489 492 525 -hsync -vsync (31.5 kHz e)
[   317.343] (II) vmware(0): EDID for output Virtual2
[   317.343] (II) vmware(0): EDID for output Virtual3
[   317.343] (II) vmware(0): EDID for output Virtual4
[   317.343] (II) vmware(0): EDID for output Virtual5
[   317.343] (II) vmware(0): EDID for output Virtual6
[   317.343] (II) vmware(0): EDID for output Virtual7
[   317.343] (II) vmware(0): EDID for output Virtual8
[   317.343] (II) vmware(0): Output Virtual1 connected
[   317.343] (II) vmware(0): Output Virtual2 disconnected
[   317.343] (II) vmware(0): Output Virtual3 disconnected
[   317.343] (II) vmware(0): Output Virtual4 disconnected
[   317.343] (II) vmware(0): Output Virtual5 disconnected
[   317.343] (II) vmware(0): Output Virtual6 disconnected
[   317.343] (II) vmware(0): Output Virtual7 disconnected
[   317.343] (II) vmware(0): Output Virtual8 disconnected
[   317.343] (II) vmware(0): Using exact sizes for initial modes
[   317.343] (II) vmware(0): Output Virtual1 using initial mode 800x600 +0+0
[   317.343] (==) vmware(0): DPI set to (96, 96)
[   317.343] (==) vmware(0): Using gamma correction (1.0, 1.0, 1.0)
[   317.343] (II) Loading sub module "fb"
[   317.343] (II) LoadModule: "fb"
[   317.343] (II) Loading /usr/lib/xorg/modules/libfb.so
[   317.353] (II) Module fb: vendor="X.Org Foundation"
[   317.353] 	compiled for 1.20.8, module version = 1.0.0
[   317.353] 	ABI class: X.Org ANSI C Emulation, version 0.4
[   317.353] (II) Loading sub module "dri2"
[   317.353] (II) LoadModule: "dri2"
[   317.353] (II) Module "dri2" already built-in
[   317.353] (II) Loading sub module "dri3"
[   317.353] (II) LoadModule: "dri3"
[   317.353] (II) Module "dri3" already built-in
[   317.353] (II) UnloadModule: "modesetting"
[   317.354] (II) Unloading modesetting
[   317.354] (II) UnloadModule: "fbdev"
[   317.354] (II) Unloading fbdev
[   317.354] (II) UnloadSubModule: "fbdevhw"
[   317.354] (II) Unloading fbdevhw
[   317.354] (II) UnloadModule: "vesa"
[   317.354] (II) Unloading vesa
[   317.381] (II) vmware(0): Initialized VMWARE_CTRL extension version 0.2
[   317.449] (WW) vmware(0): Failed to initialize Gallium3D Xa. No render acceleration available.
[   317.450] (WW) vmware(0): Skipped initialization of direct rendering due to lack of render acceleration.
[   317.450] (--) vmware(0): Render acceleration is disabled.
[   317.450] (==) vmware(0): Rendercheck mode is disabled.
[   317.450] (--) vmware(0): Direct rendering (DRI2 3D) is disabled.
[   317.450] (--) vmware(0): Direct rendering (DRI3 3D) is disabled.
[   317.450] (==) vmware(0): Backing store enabled
[   317.450] (==) vmware(0): Silken mouse enabled
[   317.453] (==) vmware(0): DPMS enabled
[   317.453] (II) vmware(0): No 3D acceleration. Not setting up textured video.
[   317.453] (WW) vmware(0): Disabling Xv because no adaptors could be initialized.
[   317.453] (II) Initializing extension Generic Event Extension
[   317.454] (II) Initializing extension SHAPE
[   317.454] (II) Initializing extension MIT-SHM
[   317.454] (II) Initializing extension XInputExtension
[   317.472] (II) Initializing extension XTEST
[   317.472] (II) Initializing extension BIG-REQUESTS
[   317.472] (II) Initializing extension SYNC
[   317.472] (II) Initializing extension XKEYBOARD
[   317.474] (II) Initializing extension XC-MISC
[   317.474] (II) Initializing extension SECURITY
[   317.474] (II) Initializing extension XFIXES
[   317.474] (II) Initializing extension RENDER
[   317.474] (II) Initializing extension RANDR
[   317.474] (II) Initializing extension COMPOSITE
[   317.474] (II) Initializing extension DAMAGE
[   317.475] (II) Initializing extension MIT-SCREEN-SAVER
[   317.475] (II) Initializing extension DOUBLE-BUFFER
[   317.475] (II) Initializing extension RECORD
[   317.475] (II) Initializing extension DPMS
[   317.475] (II) Initializing extension Present
[   317.475] (II) Initializing extension DRI3
[   317.475] (II) Initializing extension X-Resource
[   317.475] (II) Initializing extension XVideo
[   317.475] (II) Initializing extension XVideo-MotionCompensation
[   317.475] (II) Initializing extension SELinux
[   317.475] (II) SELinux: Disabled on system
[   317.475] (II) Initializing extension GLX
[   317.476] (II) AIGLX: Screen 0 is not DRI2 capable
[   317.502] (II) IGLX: Loaded and initialized swrast
[   317.502] (II) GLX: Initialized DRISWRAST GL provider for screen 0
[   317.503] (II) Initializing extension XFree86-VidModeExtension
[   317.503] (II) Initializing extension XFree86-DGA
[   317.503] (II) Initializing extension XFree86-DRI
[   317.521] (II) Initializing extension DRI2
[   317.528] (II) vmware(0): Setting screen physical size to 211 x 158
[   317.596] (II) config/udev: Adding input device Power Button (/dev/input/event0)
[   317.596] (**) Power Button: Applying InputClass "libinput keyboard catchall"
[   317.596] (II) LoadModule: "libinput"
[   317.597] (II) Loading /usr/lib/xorg/modules/input/libinput_drv.so
[   317.638] (II) Module libinput: vendor="X.Org Foundation"
[   317.638] 	compiled for 1.20.4, module version = 0.29.0
[   317.640] 	Module class: X.Org XInput Driver
[   317.640] 	ABI class: X.Org XInput driver, version 24.1
[   317.642] (II) Using input driver 'libinput' for 'Power Button'
[   317.654] (II) systemd-logind: got fd for /dev/input/event0 13:64 fd 20 paused 0
[   317.654] (**) Power Button: always reports core events
[   317.654] (**) Option "Device" "/dev/input/event0"
[   317.655] (**) Option "_source" "server/udev"
[   317.672] (II) event0  - Power Button: is tagged by udev as: Keyboard
[   317.673] (II) event0  - Power Button: device is a keyboard
[   317.673] (II) event0  - Power Button: device removed
[   317.673] (**) Option "config_info" "udev:/sys/devices/LNXSYSTM:00/LNXPWRBN:00/input/input0/event0"
[   317.674] (II) XINPUT: Adding extended input device "Power Button" (type: KEYBOARD, id 6)
[   317.674] (**) Option "xkb_model" "pc105"
[   317.675] (**) Option "xkb_layout" "us"
[   317.678] (II) event0  - Power Button: is tagged by udev as: Keyboard
[   317.678] (II) event0  - Power Button: device is a keyboard
[   317.680] (II) config/udev: Adding input device Sleep Button (/dev/input/event1)
[   317.681] (**) Sleep Button: Applying InputClass "libinput keyboard catchall"
[   317.681] (II) Using input driver 'libinput' for 'Sleep Button'
[   317.684] (II) systemd-logind: got fd for /dev/input/event1 13:65 fd 23 paused 0
[   317.684] (**) Sleep Button: always reports core events
[   317.684] (**) Option "Device" "/dev/input/event1"
[   317.685] (**) Option "_source" "server/udev"
[   317.688] (II) event1  - Sleep Button: is tagged by udev as: Keyboard
[   317.689] (II) event1  - Sleep Button: device is a keyboard
[   317.689] (II) event1  - Sleep Button: device removed
[   317.689] (**) Option "config_info" "udev:/sys/devices/LNXSYSTM:00/LNXSLPBN:00/input/input1/event1"
[   317.690] (II) XINPUT: Adding extended input device "Sleep Button" (type: KEYBOARD, id 7)
[   317.690] (**) Option "xkb_model" "pc105"
[   317.690] (**) Option "xkb_layout" "us"
[   317.695] (II) event1  - Sleep Button: is tagged by udev as: Keyboard
[   317.695] (II) event1  - Sleep Button: device is a keyboard
[   317.697] (II) config/udev: Adding input device Video Bus (/dev/input/event3)
[   317.698] (**) Video Bus: Applying InputClass "libinput keyboard catchall"
[   317.698] (II) Using input driver 'libinput' for 'Video Bus'
[   317.700] (II) systemd-logind: got fd for /dev/input/event3 13:67 fd 24 paused 0
[   317.701] (**) Video Bus: always reports core events
[   317.701] (**) Option "Device" "/dev/input/event3"
[   317.701] (**) Option "_source" "server/udev"
[   317.706] (II) event3  - Video Bus: is tagged by udev as: Keyboard
[   317.707] (II) event3  - Video Bus: device is a keyboard
[   317.707] (II) event3  - Video Bus: device removed
[   317.707] (**) Option "config_info" "udev:/sys/devices/LNXSYSTM:00/LNXSYBUS:00/PNP0A03:00/LNXVIDEO:00/input/input4/event3"
[   317.707] (II) XINPUT: Adding extended input device "Video Bus" (type: KEYBOARD, id 8)
[   317.707] (**) Option "xkb_model" "pc105"
[   317.708] (**) Option "xkb_layout" "us"
[   317.718] (II) event3  - Video Bus: is tagged by udev as: Keyboard
[   317.718] (II) event3  - Video Bus: device is a keyboard
[   317.724] (II) config/udev: Adding input device VirtualBox mouse integration (/dev/input/event6)
[   317.725] (**) VirtualBox mouse integration: Applying InputClass "libinput pointer catchall"
[   317.725] (II) Using input driver 'libinput' for 'VirtualBox mouse integration'
[   317.728] (II) systemd-logind: got fd for /dev/input/event6 13:70 fd 25 paused 0
[   317.728] (**) VirtualBox mouse integration: always reports core events
[   317.728] (**) Option "Device" "/dev/input/event6"
[   317.729] (**) Option "_source" "server/udev"
[   317.732] (II) event6  - VirtualBox mouse integration: is tagged by udev as: Mouse
[   317.734] (II) event6  - VirtualBox mouse integration: device is a pointer
[   317.734] (II) event6  - VirtualBox mouse integration: device removed
[   317.734] (**) Option "config_info" "udev:/sys/devices/pci0000:00/0000:00:04.0/input/input7/event6"
[   317.734] (II) XINPUT: Adding extended input device "VirtualBox mouse integration" (type: MOUSE, id 9)
[   317.735] (**) Option "AccelerationScheme" "none"
[   317.735] (**) VirtualBox mouse integration: (accel) selected scheme none/0
[   317.735] (**) VirtualBox mouse integration: (accel) acceleration factor: 2.000
[   317.735] (**) VirtualBox mouse integration: (accel) acceleration threshold: 4
[   317.740] (II) event6  - VirtualBox mouse integration: is tagged by udev as: Mouse
[   317.741] (II) event6  - VirtualBox mouse integration: device is a pointer
[   317.743] (II) config/udev: Adding input device VirtualBox mouse integration (/dev/input/js1)
[   317.744] (II) No input driver specified, ignoring this device.
[   317.744] (II) This device may have been added with another device file.
[   317.747] (II) config/udev: Adding input device VirtualBox USB Tablet (/dev/input/event5)
[   317.748] (**) VirtualBox USB Tablet: Applying InputClass "libinput pointer catchall"
[   317.748] (II) Using input driver 'libinput' for 'VirtualBox USB Tablet'
[   317.810] (II) systemd-logind: got fd for /dev/input/event5 13:69 fd 26 paused 0
[   317.810] (**) VirtualBox USB Tablet: always reports core events
[   317.810] (**) Option "Device" "/dev/input/event5"
[   317.810] (**) Option "_source" "server/udev"
[   317.813] (II) event5  - VirtualBox USB Tablet: is tagged by udev as: Mouse
[   317.816] (II) event5  - VirtualBox USB Tablet: device is a pointer
[   317.816] (II) event5  - VirtualBox USB Tablet: device removed
[   317.816] (**) Option "config_info" "udev:/sys/devices/pci0000:00/0000:00:06.0/usb1/1-1/1-1:1.0/0003:80EE:0021.0001/input/input6/event5"
[   317.817] (II) XINPUT: Adding extended input device "VirtualBox USB Tablet" (type: MOUSE, id 10)
[   317.817] (**) Option "AccelerationScheme" "none"
[   317.817] (**) VirtualBox USB Tablet: (accel) selected scheme none/0
[   317.817] (**) VirtualBox USB Tablet: (accel) acceleration factor: 2.000
[   317.817] (**) VirtualBox USB Tablet: (accel) acceleration threshold: 4
[   317.824] (II) event5  - VirtualBox USB Tablet: is tagged by udev as: Mouse
[   317.825] (II) event5  - VirtualBox USB Tablet: device is a pointer
[   317.828] (II) config/udev: Adding input device VirtualBox USB Tablet (/dev/input/js0)
[   317.828] (II) No input driver specified, ignoring this device.
[   317.828] (II) This device may have been added with another device file.
[   317.831] (II) config/udev: Adding input device VirtualBox USB Tablet (/dev/input/mouse1)
[   317.831] (II) No input driver specified, ignoring this device.
[   317.831] (II) This device may have been added with another device file.
[   317.835] (II) config/udev: Adding input device AT Translated Set 2 keyboard (/dev/input/event2)
[   317.836] (**) AT Translated Set 2 keyboard: Applying InputClass "libinput keyboard catchall"
[   317.836] (II) Using input driver 'libinput' for 'AT Translated Set 2 keyboard'
[   317.838] (II) systemd-logind: got fd for /dev/input/event2 13:66 fd 27 paused 0
[   317.838] (**) AT Translated Set 2 keyboard: always reports core events
[   317.838] (**) Option "Device" "/dev/input/event2"
[   317.839] (**) Option "_source" "server/udev"
[   317.843] (II) event2  - AT Translated Set 2 keyboard: is tagged by udev as: Keyboard
[   317.843] (II) event2  - AT Translated Set 2 keyboard: device is a keyboard
[   317.846] (II) event2  - AT Translated Set 2 keyboard: device removed
[   317.846] (**) Option "config_info" "udev:/sys/devices/platform/i8042/serio0/input/input2/event2"
[   317.847] (II) XINPUT: Adding extended input device "AT Translated Set 2 keyboard" (type: KEYBOARD, id 11)
[   317.847] (**) Option "xkb_model" "pc105"
[   317.847] (**) Option "xkb_layout" "us"
[   317.853] (II) event2  - AT Translated Set 2 keyboard: is tagged by udev as: Keyboard
[   317.853] (II) event2  - AT Translated Set 2 keyboard: device is a keyboard
[   317.858] (II) config/udev: Adding input device ImExPS/2 Generic Explorer Mouse (/dev/input/event4)
[   317.859] (**) ImExPS/2 Generic Explorer Mouse: Applying InputClass "libinput pointer catchall"
[   317.859] (II) Using input driver 'libinput' for 'ImExPS/2 Generic Explorer Mouse'
[   317.862] (II) systemd-logind: got fd for /dev/input/event4 13:68 fd 28 paused 0
[   317.863] (**) ImExPS/2 Generic Explorer Mouse: always reports core events
[   317.863] (**) Option "Device" "/dev/input/event4"
[   317.863] (**) Option "_source" "server/udev"
[   317.870] (II) event4  - ImExPS/2 Generic Explorer Mouse: is tagged by udev as: Mouse
[   317.871] (II) event4  - ImExPS/2 Generic Explorer Mouse: device is a pointer
[   317.871] (II) event4  - ImExPS/2 Generic Explorer Mouse: device removed
[   317.871] (**) Option "config_info" "udev:/sys/devices/platform/i8042/serio1/input/input5/event4"
[   317.872] (II) XINPUT: Adding extended input device "ImExPS/2 Generic Explorer Mouse" (type: MOUSE, id 12)
[   317.873] (**) Option "AccelerationScheme" "none"
[   317.873] (**) ImExPS/2 Generic Explorer Mouse: (accel) selected scheme none/0
[   317.874] (**) ImExPS/2 Generic Explorer Mouse: (accel) acceleration factor: 2.000
[   317.874] (**) ImExPS/2 Generic Explorer Mouse: (accel) acceleration threshold: 4
[   317.880] (II) event4  - ImExPS/2 Generic Explorer Mouse: is tagged by udev as: Mouse
[   317.880] (II) event4  - ImExPS/2 Generic Explorer Mouse: device is a pointer
[   317.883] (II) config/udev: Adding input device ImExPS/2 Generic Explorer Mouse (/dev/input/mouse0)
[   317.884] (II) No input driver specified, ignoring this device.
[   317.884] (II) This device may have been added with another device file.
