[  2911.317] _XSERVTransSocketUNIXCreateListener: ...SocketCreateListener() failed
[  2911.318] _XSERVTransMakeAllCOTSServerListeners: server already running
[  2911.319] (--) Log file renamed from "/home/kawalpreet/.local/share/xorg/Xorg.pid-1662.log" to "/home/kawalpreet/.local/share/xorg/Xorg.1.log"
[  2911.322] 
X.Org X Server 1.20.8
X Protocol Version 11, Revision 0
[  2911.322] Build Operating System: Linux 4.4.0-179-generic x86_64 Ubuntu
[  2911.322] Current Operating System: Linux kawalpreet-VirtualBox 5.4.0-40-generic #44-Ubuntu SMP Tue Jun 23 00:01:04 UTC 2020 x86_64
[  2911.322] Kernel command line: BOOT_IMAGE=/boot/vmlinuz-5.4.0-40-generic root=UUID=05abdaae-c1e6-4e4f-83d8-daf8b91e8bbb ro quiet splash
[  2911.323] Build Date: 21 May 2020  08:22:15AM
[  2911.323] xorg-server 2:1.20.8-2ubuntu2.1 (For technical support please see http://www.ubuntu.com/support) 
[  2911.323] Current version of pixman: 0.38.4
[  2911.323] 	Before reporting problems, check http://wiki.x.org
	to make sure that you have the latest version.
[  2911.323] Markers: (--) probed, (**) from config file, (==) default setting,
	(++) from command line, (!!) notice, (II) informational,
	(WW) warning, (EE) error, (NI) not implemented, (??) unknown.
[  2911.325] (==) Log file: "/home/kawalpreet/.local/share/xorg/Xorg.1.log", Time: Sat Jul 11 18:50:16 2020
[  2911.325] (==) Using system config directory "/usr/share/X11/xorg.conf.d"
[  2911.326] (==) No Layout section.  Using the first Screen section.
[  2911.327] (==) No screen section available. Using defaults.
[  2911.329] (**) |-->Screen "Default Screen Section" (0)
[  2911.329] (**) |   |-->Monitor "<default monitor>"
[  2911.330] (==) No monitor specified for screen "Default Screen Section".
	Using a default monitor configuration.
[  2911.330] (==) Automatically adding devices
[  2911.330] (==) Automatically enabling devices
[  2911.330] (==) Automatically adding GPU devices
[  2911.330] (==) Automatically binding GPU devices
[  2911.330] (==) Max clients allowed: 256, resource mask: 0x1fffff
[  2911.337] (WW) The directory "/usr/share/fonts/X11/cyrillic" does not exist.
[  2911.337] 	Entry deleted from font path.
[  2911.338] (WW) The directory "/usr/share/fonts/X11/100dpi/" does not exist.
[  2911.338] 	Entry deleted from font path.
[  2911.338] (WW) The directory "/usr/share/fonts/X11/75dpi/" does not exist.
[  2911.338] 	Entry deleted from font path.
[  2911.338] (WW) The directory "/usr/share/fonts/X11/100dpi" does not exist.
[  2911.338] 	Entry deleted from font path.
[  2911.338] (WW) The directory "/usr/share/fonts/X11/75dpi" does not exist.
[  2911.338] 	Entry deleted from font path.
[  2911.339] (==) FontPath set to:
	/usr/share/fonts/X11/misc,
	/usr/share/fonts/X11/Type1,
	built-ins
[  2911.339] (==) ModulePath set to "/usr/lib/xorg/modules"
[  2911.339] (II) The server relies on udev to provide the list of input devices.
	If no devices become available, reconfigure udev or disable AutoAddDevices.
[  2911.339] (II) Loader magic: 0x565336c8c020
[  2911.339] (II) Module ABI versions:
[  2911.339] 	X.Org ANSI C Emulation: 0.4
[  2911.339] 	X.Org Video Driver: 24.1
[  2911.339] 	X.Org XInput driver : 24.1
[  2911.339] 	X.Org Server Extension : 10.0
[  2911.341] (++) using VT number 2

[  2911.345] (II) systemd-logind: took control of session /org/freedesktop/login1/session/_34
[  2911.347] (II) xfree86: Adding drm device (/dev/dri/card0)
[  2911.361] (II) systemd-logind: got fd for /dev/dri/card0 226:0 fd 13 paused 0
[  2911.369] (--) PCI:*(0@0:2:0) 15ad:0405:15ad:0405 rev 0, Mem @ 0xf0000000/134217728, 0xf8000000/2097152, I/O @ 0x0000d010/16, BIOS @ 0x????????/131072
[  2911.370] (II) LoadModule: "glx"
[  2911.372] (II) Loading /usr/lib/xorg/modules/extensions/libglx.so
[  2911.373] (II) Module glx: vendor="X.Org Foundation"
[  2911.373] 	compiled for 1.20.8, module version = 1.0.0
[  2911.373] 	ABI class: X.Org Server Extension, version 10.0
[  2911.374] (==) Matched vmware as autoconfigured driver 0
[  2911.374] (==) Matched modesetting as autoconfigured driver 1
[  2911.374] (==) Matched fbdev as autoconfigured driver 2
[  2911.376] (==) Matched vesa as autoconfigured driver 3
[  2911.376] (==) Assigned the driver to the xf86ConfigLayout
[  2911.376] (II) LoadModule: "vmware"
[  2911.378] (II) Loading /usr/lib/xorg/modules/drivers/vmware_drv.so
[  2911.483] (II) Module vmware: vendor="X.Org Foundation"
[  2911.483] 	compiled for 1.20.8, module version = 13.3.0
[  2911.483] 	Module class: X.Org Video Driver
[  2911.483] 	ABI class: X.Org Video Driver, version 24.1
[  2911.483] (II) LoadModule: "modesetting"
[  2911.484] (II) Loading /usr/lib/xorg/modules/drivers/modesetting_drv.so
[  2911.484] (II) Module modesetting: vendor="X.Org Foundation"
[  2911.484] 	compiled for 1.20.8, module version = 1.20.8
[  2911.484] 	Module class: X.Org Video Driver
[  2911.484] 	ABI class: X.Org Video Driver, version 24.1
[  2911.484] (II) LoadModule: "fbdev"
[  2911.489] (II) Loading /usr/lib/xorg/modules/drivers/fbdev_drv.so
[  2911.489] (II) Module fbdev: vendor="X.Org Foundation"
[  2911.490] 	compiled for 1.20.1, module version = 0.5.0
[  2911.490] 	Module class: X.Org Video Driver
[  2911.490] 	ABI class: X.Org Video Driver, version 24.0
[  2911.490] (II) LoadModule: "vesa"
[  2911.493] (II) Loading /usr/lib/xorg/modules/drivers/vesa_drv.so
[  2911.493] (II) Module vesa: vendor="X.Org Foundation"
[  2911.493] 	compiled for 1.20.4, module version = 2.4.0
[  2911.494] 	Module class: X.Org Video Driver
[  2911.494] 	ABI class: X.Org Video Driver, version 24.0
[  2911.494] (II) vmware: driver for VMware SVGA: vmware0405, vmware0710
[  2911.495] (II) modesetting: Driver for Modesetting Kernel Drivers: kms
[  2911.495] (II) FBDEV: driver for framebuffer: fbdev
[  2911.497] (II) VESA: driver for VESA chipsets: vesa
[  2911.498] xf86EnableIOPorts: failed to set IOPL for I/O (Operation not permitted)
[  2911.498] (WW) Falling back to old probe method for modesetting
[  2911.499] (WW) Falling back to old probe method for fbdev
[  2911.499] (II) Loading sub module "fbdevhw"
[  2911.499] (II) LoadModule: "fbdevhw"
[  2911.500] (II) Loading /usr/lib/xorg/modules/libfbdevhw.so
[  2911.501] (II) Module fbdevhw: vendor="X.Org Foundation"
[  2911.501] 	compiled for 1.20.8, module version = 0.0.2
[  2911.504] 	ABI class: X.Org Video Driver, version 24.1
[  2911.504] (EE) open /dev/fb0: Permission denied
[  2911.504] (WW) VGA arbiter: cannot open kernel arbiter, no multi-card support
[  2911.504] (II) vmware(0): Creating default Display subsection in Screen section
	"Default Screen Section" for depth/fbbpp 24/32
[  2911.505] (--) vmware(0): DRM driver version is 2.15.0
[  2911.506] (==) vmware(0): Depth 24, (--) framebuffer bpp 32
[  2911.507] (==) vmware(0): RGB weight 888
[  2911.507] (==) vmware(0): Default visual is TrueColor
[  2911.507] (--) vmware(0): Min width 1, Max Width 8192.
[  2911.507] (--) vmware(0): Min height 1, Max Height 8192.
[  2911.507] (II) vmware(0): Output Virtual1 has no monitor section
[  2911.507] (II) vmware(0): Output Virtual2 has no monitor section
[  2911.507] (II) vmware(0): Output Virtual3 has no monitor section
[  2911.507] (II) vmware(0): Output Virtual4 has no monitor section
[  2911.507] (II) vmware(0): Output Virtual5 has no monitor section
[  2911.507] (II) vmware(0): Output Virtual6 has no monitor section
[  2911.507] (II) vmware(0): Output Virtual7 has no monitor section
[  2911.507] (II) vmware(0): Output Virtual8 has no monitor section
[  2911.507] (II) vmware(0): Printing probed modes for output Virtual1
[  2911.507] (II) vmware(0): Modeline "800x600"x60.0   42.75  800 850 900 950  600 650 700 750 -hsync +vsync (45.0 kHz eP)
[  2911.507] (II) vmware(0): Modeline "2560x1600"x60.0  348.50  2560 2752 3032 3504  1600 1603 1609 1658 -hsync +vsync (99.5 kHz e)
[  2911.507] (II) vmware(0): Modeline "1920x1440"x60.0  234.00  1920 2048 2256 2600  1440 1441 1444 1500 -hsync +vsync (90.0 kHz e)
[  2911.507] (II) vmware(0): Modeline "1856x1392"x60.0  218.25  1856 1952 2176 2528  1392 1393 1396 1439 -hsync +vsync (86.3 kHz e)
[  2911.507] (II) vmware(0): Modeline "1792x1344"x60.0  204.75  1792 1920 2120 2448  1344 1345 1348 1394 -hsync +vsync (83.6 kHz e)
[  2911.507] (II) vmware(0): Modeline "1920x1200"x59.9  193.25  1920 2056 2256 2592  1200 1203 1209 1245 -hsync +vsync (74.6 kHz e)
[  2911.507] (II) vmware(0): Modeline "1600x1200"x60.0  162.00  1600 1664 1856 2160  1200 1201 1204 1250 +hsync +vsync (75.0 kHz e)
[  2911.507] (II) vmware(0): Modeline "1680x1050"x60.0  146.25  1680 1784 1960 2240  1050 1053 1059 1089 -hsync +vsync (65.3 kHz e)
[  2911.507] (II) vmware(0): Modeline "1400x1050"x60.0  121.75  1400 1488 1632 1864  1050 1053 1057 1089 -hsync +vsync (65.3 kHz e)
[  2911.507] (II) vmware(0): Modeline "1280x1024"x60.0  108.00  1280 1328 1440 1688  1024 1025 1028 1066 +hsync +vsync (64.0 kHz e)
[  2911.507] (II) vmware(0): Modeline "1440x900"x59.9  106.50  1440 1520 1672 1904  900 903 909 934 -hsync +vsync (55.9 kHz e)
[  2911.507] (II) vmware(0): Modeline "1280x960"x60.0  108.00  1280 1376 1488 1800  960 961 964 1000 +hsync +vsync (60.0 kHz e)
[  2911.507] (II) vmware(0): Modeline "1360x768"x60.0   85.50  1360 1424 1536 1792  768 771 777 795 +hsync +vsync (47.7 kHz e)
[  2911.507] (II) vmware(0): Modeline "1280x800"x59.8   83.50  1280 1352 1480 1680  800 803 809 831 +hsync -vsync (49.7 kHz e)
[  2911.507] (II) vmware(0): Modeline "1152x864"x75.0  108.00  1152 1216 1344 1600  864 865 868 900 +hsync +vsync (67.5 kHz e)
[  2911.507] (II) vmware(0): Modeline "1280x768"x59.9   79.50  1280 1344 1472 1664  768 771 778 798 -hsync +vsync (47.8 kHz e)
[  2911.507] (II) vmware(0): Modeline "1024x768"x60.0   65.00  1024 1048 1184 1344  768 771 777 806 -hsync -vsync (48.4 kHz e)
[  2911.507] (II) vmware(0): Modeline "800x600"x60.3   40.00  800 840 968 1056  600 601 605 628 +hsync +vsync (37.9 kHz e)
[  2911.507] (II) vmware(0): Modeline "640x480"x59.9   25.18  640 656 752 800  480 489 492 525 -hsync -vsync (31.5 kHz e)
[  2911.507] (II) vmware(0): EDID for output Virtual2
[  2911.508] (II) vmware(0): EDID for output Virtual3
[  2911.508] (II) vmware(0): EDID for output Virtual4
[  2911.508] (II) vmware(0): EDID for output Virtual5
[  2911.508] (II) vmware(0): EDID for output Virtual6
[  2911.508] (II) vmware(0): EDID for output Virtual7
[  2911.508] (II) vmware(0): EDID for output Virtual8
[  2911.508] (II) vmware(0): Output Virtual1 connected
[  2911.508] (II) vmware(0): Output Virtual2 disconnected
[  2911.508] (II) vmware(0): Output Virtual3 disconnected
[  2911.508] (II) vmware(0): Output Virtual4 disconnected
[  2911.508] (II) vmware(0): Output Virtual5 disconnected
[  2911.508] (II) vmware(0): Output Virtual6 disconnected
[  2911.508] (II) vmware(0): Output Virtual7 disconnected
[  2911.508] (II) vmware(0): Output Virtual8 disconnected
[  2911.508] (II) vmware(0): Using exact sizes for initial modes
[  2911.508] (II) vmware(0): Output Virtual1 using initial mode 800x600 +0+0
[  2911.508] (==) vmware(0): DPI set to (96, 96)
[  2911.508] (==) vmware(0): Using gamma correction (1.0, 1.0, 1.0)
[  2911.508] (II) Loading sub module "fb"
[  2911.508] (II) LoadModule: "fb"
[  2911.508] (II) Loading /usr/lib/xorg/modules/libfb.so
[  2911.508] (II) Module fb: vendor="X.Org Foundation"
[  2911.508] 	compiled for 1.20.8, module version = 1.0.0
[  2911.508] 	ABI class: X.Org ANSI C Emulation, version 0.4
[  2911.508] (II) Loading sub module "dri2"
[  2911.508] (II) LoadModule: "dri2"
[  2911.508] (II) Module "dri2" already built-in
[  2911.508] (II) Loading sub module "dri3"
[  2911.508] (II) LoadModule: "dri3"
[  2911.508] (II) Module "dri3" already built-in
[  2911.508] (II) UnloadModule: "modesetting"
[  2911.508] (II) Unloading modesetting
[  2911.508] (II) UnloadModule: "fbdev"
[  2911.508] (II) Unloading fbdev
[  2911.508] (II) UnloadSubModule: "fbdevhw"
[  2911.508] (II) Unloading fbdevhw
[  2911.508] (II) UnloadModule: "vesa"
[  2911.508] (II) Unloading vesa
[  2911.525] (II) vmware(0): Initialized VMWARE_CTRL extension version 0.2
[  2911.528] (WW) vmware(0): Failed to initialize Gallium3D Xa. No render acceleration available.
[  2911.528] (WW) vmware(0): Skipped initialization of direct rendering due to lack of render acceleration.
[  2911.528] (--) vmware(0): Render acceleration is disabled.
[  2911.528] (==) vmware(0): Rendercheck mode is disabled.
[  2911.528] (--) vmware(0): Direct rendering (DRI2 3D) is disabled.
[  2911.528] (--) vmware(0): Direct rendering (DRI3 3D) is disabled.
[  2911.528] (==) vmware(0): Backing store enabled
[  2911.528] (==) vmware(0): Silken mouse enabled
[  2911.529] (==) vmware(0): DPMS enabled
[  2911.549] (II) vmware(0): No 3D acceleration. Not setting up textured video.
[  2911.549] (WW) vmware(0): Disabling Xv because no adaptors could be initialized.
[  2911.549] (II) Initializing extension Generic Event Extension
[  2911.549] (II) Initializing extension SHAPE
[  2911.550] (II) Initializing extension MIT-SHM
[  2911.550] (II) Initializing extension XInputExtension
[  2911.550] (II) Initializing extension XTEST
[  2911.550] (II) Initializing extension BIG-REQUESTS
[  2911.550] (II) Initializing extension SYNC
[  2911.550] (II) Initializing extension XKEYBOARD
[  2911.550] (II) Initializing extension XC-MISC
[  2911.550] (II) Initializing extension SECURITY
[  2911.551] (II) Initializing extension XFIXES
[  2911.551] (II) Initializing extension RENDER
[  2911.551] (II) Initializing extension RANDR
[  2911.551] (II) Initializing extension COMPOSITE
[  2911.551] (II) Initializing extension DAMAGE
[  2911.551] (II) Initializing extension MIT-SCREEN-SAVER
[  2911.552] (II) Initializing extension DOUBLE-BUFFER
[  2911.552] (II) Initializing extension RECORD
[  2911.552] (II) Initializing extension DPMS
[  2911.552] (II) Initializing extension Present
[  2911.552] (II) Initializing extension DRI3
[  2911.552] (II) Initializing extension X-Resource
[  2911.552] (II) Initializing extension XVideo
[  2911.552] (II) Initializing extension XVideo-MotionCompensation
[  2911.552] (II) Initializing extension SELinux
[  2911.552] (II) SELinux: Disabled on system
[  2911.552] (II) Initializing extension GLX
[  2911.552] (II) AIGLX: Screen 0 is not DRI2 capable
[  2911.614] (II) IGLX: Loaded and initialized swrast
[  2911.616] (II) GLX: Initialized DRISWRAST GL provider for screen 0
[  2911.616] (II) Initializing extension XFree86-VidModeExtension
[  2911.617] (II) Initializing extension XFree86-DGA
[  2911.617] (II) Initializing extension XFree86-DRI
[  2911.617] (II) Initializing extension DRI2
[  2911.633] (II) vmware(0): Setting screen physical size to 211 x 158
[  2911.888] (II) config/udev: Adding input device Power Button (/dev/input/event0)
[  2911.889] (**) Power Button: Applying InputClass "libinput keyboard catchall"
[  2911.889] (II) LoadModule: "libinput"
[  2911.889] (II) Loading /usr/lib/xorg/modules/input/libinput_drv.so
[  2911.901] (II) Module libinput: vendor="X.Org Foundation"
[  2911.901] 	compiled for 1.20.4, module version = 0.29.0
[  2911.901] 	Module class: X.Org XInput Driver
[  2911.902] 	ABI class: X.Org XInput driver, version 24.1
[  2911.902] (II) Using input driver 'libinput' for 'Power Button'
[  2911.914] (II) systemd-logind: got fd for /dev/input/event0 13:64 fd 21 paused 0
[  2911.914] (**) Power Button: always reports core events
[  2911.914] (**) Option "Device" "/dev/input/event0"
[  2911.917] (**) Option "_source" "server/udev"
[  2911.933] (II) event0  - Power Button: is tagged by udev as: Keyboard
[  2911.933] (II) event0  - Power Button: device is a keyboard
[  2911.933] (II) event0  - Power Button: device removed
[  2911.933] (**) Option "config_info" "udev:/sys/devices/LNXSYSTM:00/LNXPWRBN:00/input/input0/event0"
[  2911.934] (II) XINPUT: Adding extended input device "Power Button" (type: KEYBOARD, id 6)
[  2911.934] (**) Option "xkb_model" "pc105"
[  2911.934] (**) Option "xkb_layout" "us"
[  2911.937] (II) event0  - Power Button: is tagged by udev as: Keyboard
[  2911.937] (II) event0  - Power Button: device is a keyboard
[  2911.942] (II) config/udev: Adding input device Sleep Button (/dev/input/event1)
[  2911.943] (**) Sleep Button: Applying InputClass "libinput keyboard catchall"
[  2911.943] (II) Using input driver 'libinput' for 'Sleep Button'
[  2911.946] (II) systemd-logind: got fd for /dev/input/event1 13:65 fd 24 paused 0
[  2911.946] (**) Sleep Button: always reports core events
[  2911.946] (**) Option "Device" "/dev/input/event1"
[  2911.953] (**) Option "_source" "server/udev"
[  2911.960] (II) event1  - Sleep Button: is tagged by udev as: Keyboard
[  2911.960] (II) event1  - Sleep Button: device is a keyboard
[  2911.961] (II) event1  - Sleep Button: device removed
[  2911.961] (**) Option "config_info" "udev:/sys/devices/LNXSYSTM:00/LNXSLPBN:00/input/input1/event1"
[  2911.961] (II) XINPUT: Adding extended input device "Sleep Button" (type: KEYBOARD, id 7)
[  2911.961] (**) Option "xkb_model" "pc105"
[  2911.961] (**) Option "xkb_layout" "us"
[  2911.969] (II) event1  - Sleep Button: is tagged by udev as: Keyboard
[  2911.969] (II) event1  - Sleep Button: device is a keyboard
[  2911.974] (II) config/udev: Adding input device Video Bus (/dev/input/event3)
[  2911.974] (**) Video Bus: Applying InputClass "libinput keyboard catchall"
[  2911.974] (II) Using input driver 'libinput' for 'Video Bus'
[  2911.977] (II) systemd-logind: got fd for /dev/input/event3 13:67 fd 25 paused 0
[  2911.977] (**) Video Bus: always reports core events
[  2911.977] (**) Option "Device" "/dev/input/event3"
[  2911.977] (**) Option "_source" "server/udev"
[  2911.990] (II) event3  - Video Bus: is tagged by udev as: Keyboard
[  2911.992] (II) event3  - Video Bus: device is a keyboard
[  2911.993] (II) event3  - Video Bus: device removed
[  2911.993] (**) Option "config_info" "udev:/sys/devices/LNXSYSTM:00/LNXSYBUS:00/PNP0A03:00/LNXVIDEO:00/input/input4/event3"
[  2911.993] (II) XINPUT: Adding extended input device "Video Bus" (type: KEYBOARD, id 8)
[  2911.993] (**) Option "xkb_model" "pc105"
[  2911.993] (**) Option "xkb_layout" "us"
[  2912.001] (II) event3  - Video Bus: is tagged by udev as: Keyboard
[  2912.002] (II) event3  - Video Bus: device is a keyboard
[  2912.014] (II) config/udev: Adding input device VirtualBox mouse integration (/dev/input/event6)
[  2912.015] (**) VirtualBox mouse integration: Applying InputClass "libinput pointer catchall"
[  2912.015] (II) Using input driver 'libinput' for 'VirtualBox mouse integration'
[  2912.017] (II) systemd-logind: got fd for /dev/input/event6 13:70 fd 26 paused 0
[  2912.018] (**) VirtualBox mouse integration: always reports core events
[  2912.018] (**) Option "Device" "/dev/input/event6"
[  2912.018] (**) Option "_source" "server/udev"
[  2912.029] (II) event6  - VirtualBox mouse integration: is tagged by udev as: Mouse
[  2912.031] (II) event6  - VirtualBox mouse integration: device is a pointer
[  2912.032] (II) event6  - VirtualBox mouse integration: device removed
[  2912.032] (**) Option "config_info" "udev:/sys/devices/pci0000:00/0000:00:04.0/input/input7/event6"
[  2912.033] (II) XINPUT: Adding extended input device "VirtualBox mouse integration" (type: MOUSE, id 9)
[  2912.033] (**) Option "AccelerationScheme" "none"
[  2912.033] (**) VirtualBox mouse integration: (accel) selected scheme none/0
[  2912.033] (**) VirtualBox mouse integration: (accel) acceleration factor: 2.000
[  2912.035] (**) VirtualBox mouse integration: (accel) acceleration threshold: 4
[  2912.046] (II) event6  - VirtualBox mouse integration: is tagged by udev as: Mouse
[  2912.046] (II) event6  - VirtualBox mouse integration: device is a pointer
[  2912.048] (II) config/udev: Adding input device VirtualBox mouse integration (/dev/input/js1)
[  2912.048] (II) No input driver specified, ignoring this device.
[  2912.048] (II) This device may have been added with another device file.
[  2912.054] (II) config/udev: Adding input device VirtualBox USB Tablet (/dev/input/event5)
[  2912.054] (**) VirtualBox USB Tablet: Applying InputClass "libinput pointer catchall"
[  2912.054] (II) Using input driver 'libinput' for 'VirtualBox USB Tablet'
[  2912.058] (II) systemd-logind: got fd for /dev/input/event5 13:69 fd 27 paused 0
[  2912.058] (**) VirtualBox USB Tablet: always reports core events
[  2912.058] (**) Option "Device" "/dev/input/event5"
[  2912.059] (**) Option "_source" "server/udev"
[  2912.070] (II) event5  - VirtualBox USB Tablet: is tagged by udev as: Mouse
[  2912.073] (II) event5  - VirtualBox USB Tablet: device is a pointer
[  2912.073] (II) event5  - VirtualBox USB Tablet: device removed
[  2912.073] (**) Option "config_info" "udev:/sys/devices/pci0000:00/0000:00:06.0/usb1/1-1/1-1:1.0/0003:80EE:0021.0001/input/input6/event5"
[  2912.073] (II) XINPUT: Adding extended input device "VirtualBox USB Tablet" (type: MOUSE, id 10)
[  2912.074] (**) Option "AccelerationScheme" "none"
[  2912.074] (**) VirtualBox USB Tablet: (accel) selected scheme none/0
[  2912.074] (**) VirtualBox USB Tablet: (accel) acceleration factor: 2.000
[  2912.074] (**) VirtualBox USB Tablet: (accel) acceleration threshold: 4
[  2912.085] (II) event5  - VirtualBox USB Tablet: is tagged by udev as: Mouse
[  2912.085] (II) event5  - VirtualBox USB Tablet: device is a pointer
[  2912.091] (II) config/udev: Adding input device VirtualBox USB Tablet (/dev/input/js0)
[  2912.092] (II) No input driver specified, ignoring this device.
[  2912.092] (II) This device may have been added with another device file.
[  2912.100] (II) config/udev: Adding input device VirtualBox USB Tablet (/dev/input/mouse1)
[  2912.101] (II) No input driver specified, ignoring this device.
[  2912.101] (II) This device may have been added with another device file.
[  2912.107] (II) config/udev: Adding input device AT Translated Set 2 keyboard (/dev/input/event2)
[  2912.107] (**) AT Translated Set 2 keyboard: Applying InputClass "libinput keyboard catchall"
[  2912.108] (II) Using input driver 'libinput' for 'AT Translated Set 2 keyboard'
[  2912.111] (II) systemd-logind: got fd for /dev/input/event2 13:66 fd 28 paused 0
[  2912.111] (**) AT Translated Set 2 keyboard: always reports core events
[  2912.111] (**) Option "Device" "/dev/input/event2"
[  2912.111] (**) Option "_source" "server/udev"
[  2912.122] (II) event2  - AT Translated Set 2 keyboard: is tagged by udev as: Keyboard
[  2912.123] (II) event2  - AT Translated Set 2 keyboard: device is a keyboard
[  2912.124] (II) event2  - AT Translated Set 2 keyboard: device removed
[  2912.124] (**) Option "config_info" "udev:/sys/devices/platform/i8042/serio0/input/input2/event2"
[  2912.124] (II) XINPUT: Adding extended input device "AT Translated Set 2 keyboard" (type: KEYBOARD, id 11)
[  2912.124] (**) Option "xkb_model" "pc105"
[  2912.125] (**) Option "xkb_layout" "us"
[  2912.137] (II) event2  - AT Translated Set 2 keyboard: is tagged by udev as: Keyboard
[  2912.137] (II) event2  - AT Translated Set 2 keyboard: device is a keyboard
[  2912.142] (II) config/udev: Adding input device ImExPS/2 Generic Explorer Mouse (/dev/input/event4)
[  2912.142] (**) ImExPS/2 Generic Explorer Mouse: Applying InputClass "libinput pointer catchall"
[  2912.143] (II) Using input driver 'libinput' for 'ImExPS/2 Generic Explorer Mouse'
[  2912.144] (II) systemd-logind: got fd for /dev/input/event4 13:68 fd 29 paused 0
[  2912.145] (**) ImExPS/2 Generic Explorer Mouse: always reports core events
[  2912.145] (**) Option "Device" "/dev/input/event4"
[  2912.145] (**) Option "_source" "server/udev"
[  2912.150] (II) event4  - ImExPS/2 Generic Explorer Mouse: is tagged by udev as: Mouse
[  2912.151] (II) event4  - ImExPS/2 Generic Explorer Mouse: device is a pointer
[  2912.154] (II) event4  - ImExPS/2 Generic Explorer Mouse: device removed
[  2912.157] (**) Option "config_info" "udev:/sys/devices/platform/i8042/serio1/input/input5/event4"
[  2912.157] (II) XINPUT: Adding extended input device "ImExPS/2 Generic Explorer Mouse" (type: MOUSE, id 12)
[  2912.161] (**) Option "AccelerationScheme" "none"
[  2912.161] (**) ImExPS/2 Generic Explorer Mouse: (accel) selected scheme none/0
[  2912.161] (**) ImExPS/2 Generic Explorer Mouse: (accel) acceleration factor: 2.000
[  2912.161] (**) ImExPS/2 Generic Explorer Mouse: (accel) acceleration threshold: 4
[  2912.165] (II) event4  - ImExPS/2 Generic Explorer Mouse: is tagged by udev as: Mouse
[  2912.165] (II) event4  - ImExPS/2 Generic Explorer Mouse: device is a pointer
[  2912.167] (II) config/udev: Adding input device ImExPS/2 Generic Explorer Mouse (/dev/input/mouse0)
[  2912.169] (II) No input driver specified, ignoring this device.
[  2912.169] (II) This device may have been added with another device file.
[  8469.292] (II) config/udev: removing device VirtualBox USB Tablet
[  8469.877] (**) Option "fd" "27"
[  8469.877] (II) event5  - VirtualBox USB Tablet: device removed
[  8469.904] (II) UnloadModule: "libinput"
[  8469.904] (II) systemd-logind: releasing fd for 13:69
[  8469.904] (EE) systemd-logind: failed to release device: Device not taken
[  8469.904] (II) event6  - VirtualBox mouse integration: SYN_DROPPED event - some input events have been lost.
[  8471.226] (II) config/udev: Adding input device VirtualBox USB Tablet (/dev/input/js0)
[  8471.687] (II) No input driver specified, ignoring this device.
[  8471.687] (II) This device may have been added with another device file.
[  8471.688] (II) config/udev: Adding input device VirtualBox USB Tablet (/dev/input/mouse1)
[  8471.688] (II) No input driver specified, ignoring this device.
[  8471.688] (II) This device may have been added with another device file.
[  8471.690] (II) config/udev: Adding input device VirtualBox USB Tablet (/dev/input/event5)
[  8471.768] (**) VirtualBox USB Tablet: Applying InputClass "libinput pointer catchall"
[  8471.768] (II) Using input driver 'libinput' for 'VirtualBox USB Tablet'
[  8471.830] (II) systemd-logind: got fd for /dev/input/event5 13:69 fd 48 paused 0
[  8471.830] (**) VirtualBox USB Tablet: always reports core events
[  8471.830] (**) Option "Device" "/dev/input/event5"
[  8471.830] (**) Option "_source" "server/udev"
[  8471.837] (II) event5  - VirtualBox USB Tablet: is tagged by udev as: Mouse
[  8471.845] (II) event5  - VirtualBox USB Tablet: device is a pointer
[  8471.846] (II) event5  - VirtualBox USB Tablet: device removed
[  8471.846] (**) Option "config_info" "udev:/sys/devices/pci0000:00/0000:00:06.0/usb1/1-1/1-1:1.0/0003:80EE:0021.0002/input/input8/event5"
[  8471.846] (II) XINPUT: Adding extended input device "VirtualBox USB Tablet" (type: MOUSE, id 10)
[  8471.854] (**) Option "AccelerationScheme" "none"
[  8471.860] (**) VirtualBox USB Tablet: (accel) selected scheme none/0
[  8471.860] (**) VirtualBox USB Tablet: (accel) acceleration factor: 2.000
[  8471.860] (**) VirtualBox USB Tablet: (accel) acceleration threshold: 4
[  8471.864] (II) event5  - VirtualBox USB Tablet: is tagged by udev as: Mouse
[  8471.864] (II) event5  - VirtualBox USB Tablet: device is a pointer
